This is pdfTeX, Version 3.14159265-2.6-1.40.20 (TeX Live 2019) (preloaded format=pdflatex 2019.5.6)  1 JUL 2019 12:49
entering extended mode
 restricted \write18 enabled.
 %&-line parsing enabled.
**_main.tex
(./_main.tex
LaTeX2e <2018-12-01>
(/Users/seanhardison/Library/TinyTeX/texmf-dist/tex/latex/base/book.cls
Document Class: book 2018/09/03 v1.4i Standard LaTeX document class
(/Users/seanhardison/Library/TinyTeX/texmf-dist/tex/latex/base/bk10.clo
File: bk10.clo 2018/09/03 v1.4i Standard LaTeX file (size option)
)
\c@part=\count80
\c@chapter=\count81
\c@section=\count82
\c@subsection=\count83
\c@subsubsection=\count84
\c@paragraph=\count85
\c@subparagraph=\count86
\c@figure=\count87
\c@table=\count88
\abovecaptionskip=\skip41
\belowcaptionskip=\skip42
\bibindent=\dimen102
) (/Users/seanhardison/Library/TinyTeX/texmf-dist/tex/latex/lm/lmodern.sty
Package: lmodern 2009/10/30 v1.6 Latin Modern Fonts
LaTeX Font Info:    Overwriting symbol font `operators' in version `normal'
(Font)                  OT1/cmr/m/n --> OT1/lmr/m/n on input line 22.
LaTeX Font Info:    Overwriting symbol font `letters' in version `normal'
(Font)                  OML/cmm/m/it --> OML/lmm/m/it on input line 23.
LaTeX Font Info:    Overwriting symbol font `symbols' in version `normal'
(Font)                  OMS/cmsy/m/n --> OMS/lmsy/m/n on input line 24.
LaTeX Font Info:    Overwriting symbol font `largesymbols' in version `normal'
(Font)                  OMX/cmex/m/n --> OMX/lmex/m/n on input line 25.
LaTeX Font Info:    Overwriting symbol font `operators' in version `bold'
(Font)                  OT1/cmr/bx/n --> OT1/lmr/bx/n on input line 26.
LaTeX Font Info:    Overwriting symbol font `letters' in version `bold'
(Font)                  OML/cmm/b/it --> OML/lmm/b/it on input line 27.
LaTeX Font Info:    Overwriting symbol font `symbols' in version `bold'
(Font)                  OMS/cmsy/b/n --> OMS/lmsy/b/n on input line 28.
LaTeX Font Info:    Overwriting symbol font `largesymbols' in version `bold'
(Font)                  OMX/cmex/m/n --> OMX/lmex/m/n on input line 29.
LaTeX Font Info:    Overwriting math alphabet `\mathbf' in version `normal'
(Font)                  OT1/cmr/bx/n --> OT1/lmr/bx/n on input line 31.
LaTeX Font Info:    Overwriting math alphabet `\mathsf' in version `normal'
(Font)                  OT1/cmss/m/n --> OT1/lmss/m/n on input line 32.
LaTeX Font Info:    Overwriting math alphabet `\mathit' in version `normal'
(Font)                  OT1/cmr/m/it --> OT1/lmr/m/it on input line 33.
LaTeX Font Info:    Overwriting math alphabet `\mathtt' in version `normal'
(Font)                  OT1/cmtt/m/n --> OT1/lmtt/m/n on input line 34.
LaTeX Font Info:    Overwriting math alphabet `\mathbf' in version `bold'
(Font)                  OT1/cmr/bx/n --> OT1/lmr/bx/n on input line 35.
LaTeX Font Info:    Overwriting math alphabet `\mathsf' in version `bold'
(Font)                  OT1/cmss/bx/n --> OT1/lmss/bx/n on input line 36.
LaTeX Font Info:    Overwriting math alphabet `\mathit' in version `bold'
(Font)                  OT1/cmr/bx/it --> OT1/lmr/bx/it on input line 37.
LaTeX Font Info:    Overwriting math alphabet `\mathtt' in version `bold'
(Font)                  OT1/cmtt/m/n --> OT1/lmtt/m/n on input line 38.
) (/Users/seanhardison/Library/TinyTeX/texmf-dist/tex/latex/amsfonts/amssymb.st
y
Package: amssymb 2013/01/14 v3.01 AMS font symbols

(/Users/seanhardison/Library/TinyTeX/texmf-dist/tex/latex/amsfonts/amsfonts.sty
Package: amsfonts 2013/01/14 v3.01 Basic AMSFonts support
\@emptytoks=\toks14
\symAMSa=\mathgroup4
\symAMSb=\mathgroup5
LaTeX Font Info:    Overwriting math alphabet `\mathfrak' in version `bold'
(Font)                  U/euf/m/n --> U/euf/b/n on input line 106.
)) (/Users/seanhardison/Library/TinyTeX/texmf-dist/tex/latex/amsmath/amsmath.st
y
Package: amsmath 2018/12/01 v2.17b AMS math features
\@mathmargin=\skip43
For additional information on amsmath, use the `?' option.
(/Users/seanhardison/Library/TinyTeX/texmf-dist/tex/latex/amsmath/amstext.sty
Package: amstext 2000/06/29 v2.01 AMS text
(/Users/seanhardison/Library/TinyTeX/texmf-dist/tex/latex/amsmath/amsgen.sty
File: amsgen.sty 1999/11/30 v2.0 generic functions
\@emptytoks=\toks15
\ex@=\dimen103
)) (/Users/seanhardison/Library/TinyTeX/texmf-dist/tex/latex/amsmath/amsbsy.sty
Package: amsbsy 1999/11/29 v1.2d Bold Symbols
\pmbraise@=\dimen104
) (/Users/seanhardison/Library/TinyTeX/texmf-dist/tex/latex/amsmath/amsopn.sty
Package: amsopn 2016/03/08 v2.02 operator names
)
\inf@bad=\count89
LaTeX Info: Redefining \frac on input line 223.
\uproot@=\count90
\leftroot@=\count91
LaTeX Info: Redefining \overline on input line 385.
\classnum@=\count92
\DOTSCASE@=\count93
LaTeX Info: Redefining \ldots on input line 482.
LaTeX Info: Redefining \dots on input line 485.
LaTeX Info: Redefining \cdots on input line 606.
\Mathstrutbox@=\box27
\strutbox@=\box28
\big@size=\dimen105
LaTeX Font Info:    Redeclaring font encoding OML on input line 729.
LaTeX Font Info:    Redeclaring font encoding OMS on input line 730.
\macc@depth=\count94
\c@MaxMatrixCols=\count95
\dotsspace@=\muskip10
\c@parentequation=\count96
\dspbrk@lvl=\count97
\tag@help=\toks16
\row@=\count98
\column@=\count99
\maxfields@=\count100
\andhelp@=\toks17
\eqnshift@=\dimen106
\alignsep@=\dimen107
\tagshift@=\dimen108
\tagwidth@=\dimen109
\totwidth@=\dimen110
\lineht@=\dimen111
\@envbody=\toks18
\multlinegap=\skip44
\multlinetaggap=\skip45
\mathdisplay@stack=\toks19
LaTeX Info: Redefining \[ on input line 2844.
LaTeX Info: Redefining \] on input line 2845.
)
(/Users/seanhardison/Library/TinyTeX/texmf-dist/tex/generic/ifxetex/ifxetex.sty
Package: ifxetex 2010/09/12 v0.6 Provides ifxetex conditional
)
(/Users/seanhardison/Library/TinyTeX/texmf-dist/tex/generic/oberdiek/ifluatex.s
ty
Package: ifluatex 2016/05/16 v1.4 Provides the ifluatex switch (HO)
Package ifluatex Info: LuaTeX not detected.
) (/Users/seanhardison/Library/TinyTeX/texmf-dist/tex/latex/base/fixltx2e.sty
Package: fixltx2e 2016/12/29 v2.1a fixes to LaTeX (obsolete)
Applying: [2015/01/01] Old fixltx2e package on input line 46.

Package fixltx2e Warning: fixltx2e is not required with releases after 2015
(fixltx2e)                All fixes are now in the LaTeX kernel.
(fixltx2e)                See the latexrelease package for details.

Already applied: [0000/00/00] Old fixltx2e package on input line 53.
) (/Users/seanhardison/Library/TinyTeX/texmf-dist/tex/latex/base/fontenc.sty
Package: fontenc 2018/08/11 v2.0j Standard LaTeX package
(/Users/seanhardison/Library/TinyTeX/texmf-dist/tex/latex/base/t1enc.def
File: t1enc.def 2018/08/11 v2.0j Standard LaTeX file
LaTeX Font Info:    Redeclaring font encoding T1 on input line 48.
)) (/Users/seanhardison/Library/TinyTeX/texmf-dist/tex/latex/base/inputenc.sty
Package: inputenc 2018/08/11 v1.3c Input encoding file
\inpenc@prehook=\toks20
\inpenc@posthook=\toks21
) (/Users/seanhardison/Library/TinyTeX/texmf-dist/tex/latex/upquote/upquote.sty
Package: upquote 2012/04/19 v1.3 upright-quote and grave-accent glyphs in verba
tim
(/Users/seanhardison/Library/TinyTeX/texmf-dist/tex/latex/base/textcomp.sty
Package: textcomp 2018/08/11 v2.0j Standard LaTeX package
Package textcomp Info: Sub-encoding information:
(textcomp)               5 = only ISO-Adobe without \textcurrency
(textcomp)               4 = 5 + \texteuro
(textcomp)               3 = 4 + \textohm
(textcomp)               2 = 3 + \textestimated + \textcurrency
(textcomp)               1 = TS1 - \textcircled - \t
(textcomp)               0 = TS1 (full)
(textcomp)             Font families with sub-encoding setting implement
(textcomp)             only a restricted character set as indicated.
(textcomp)             Family '?' is the default used for unknown fonts.
(textcomp)             See the documentation for details.
Package textcomp Info: Setting ? sub-encoding to TS1/1 on input line 79.
(/Users/seanhardison/Library/TinyTeX/texmf-dist/tex/latex/base/ts1enc.def
File: ts1enc.def 2001/06/05 v3.0e (jk/car/fm) Standard LaTeX file
Now handling font encoding TS1 ...
... processing UTF-8 mapping file for font encoding TS1
(/Users/seanhardison/Library/TinyTeX/texmf-dist/tex/latex/base/ts1enc.dfu
File: ts1enc.dfu 2018/10/05 v1.2f UTF-8 support for inputenc
   defining Unicode char U+00A2 (decimal 162)
   defining Unicode char U+00A3 (decimal 163)
   defining Unicode char U+00A4 (decimal 164)
   defining Unicode char U+00A5 (decimal 165)
   defining Unicode char U+00A6 (decimal 166)
   defining Unicode char U+00A7 (decimal 167)
   defining Unicode char U+00A8 (decimal 168)
   defining Unicode char U+00A9 (decimal 169)
   defining Unicode char U+00AA (decimal 170)
   defining Unicode char U+00AC (decimal 172)
   defining Unicode char U+00AE (decimal 174)
   defining Unicode char U+00AF (decimal 175)
   defining Unicode char U+00B0 (decimal 176)
   defining Unicode char U+00B1 (decimal 177)
   defining Unicode char U+00B2 (decimal 178)
   defining Unicode char U+00B3 (decimal 179)
   defining Unicode char U+00B4 (decimal 180)
   defining Unicode char U+00B5 (decimal 181)
   defining Unicode char U+00B6 (decimal 182)
   defining Unicode char U+00B7 (decimal 183)
   defining Unicode char U+00B9 (decimal 185)
   defining Unicode char U+00BA (decimal 186)
   defining Unicode char U+00BC (decimal 188)
   defining Unicode char U+00BD (decimal 189)
   defining Unicode char U+00BE (decimal 190)
   defining Unicode char U+00D7 (decimal 215)
   defining Unicode char U+00F7 (decimal 247)
   defining Unicode char U+0192 (decimal 402)
   defining Unicode char U+02C7 (decimal 711)
   defining Unicode char U+02D8 (decimal 728)
   defining Unicode char U+02DD (decimal 733)
   defining Unicode char U+0E3F (decimal 3647)
   defining Unicode char U+2016 (decimal 8214)
   defining Unicode char U+2020 (decimal 8224)
   defining Unicode char U+2021 (decimal 8225)
   defining Unicode char U+2022 (decimal 8226)
   defining Unicode char U+2030 (decimal 8240)
   defining Unicode char U+2031 (decimal 8241)
   defining Unicode char U+203B (decimal 8251)
   defining Unicode char U+203D (decimal 8253)
   defining Unicode char U+2044 (decimal 8260)
   defining Unicode char U+204E (decimal 8270)
   defining Unicode char U+2052 (decimal 8274)
   defining Unicode char U+20A1 (decimal 8353)
   defining Unicode char U+20A4 (decimal 8356)
   defining Unicode char U+20A6 (decimal 8358)
   defining Unicode char U+20A9 (decimal 8361)
   defining Unicode char U+20AB (decimal 8363)
   defining Unicode char U+20AC (decimal 8364)
   defining Unicode char U+20B1 (decimal 8369)
   defining Unicode char U+2103 (decimal 8451)
   defining Unicode char U+2116 (decimal 8470)
   defining Unicode char U+2117 (decimal 8471)
   defining Unicode char U+211E (decimal 8478)
   defining Unicode char U+2120 (decimal 8480)
   defining Unicode char U+2122 (decimal 8482)
   defining Unicode char U+2126 (decimal 8486)
   defining Unicode char U+2127 (decimal 8487)
   defining Unicode char U+212E (decimal 8494)
   defining Unicode char U+2190 (decimal 8592)
   defining Unicode char U+2191 (decimal 8593)
   defining Unicode char U+2192 (decimal 8594)
   defining Unicode char U+2193 (decimal 8595)
   defining Unicode char U+2329 (decimal 9001)
   defining Unicode char U+232A (decimal 9002)
   defining Unicode char U+2422 (decimal 9250)
   defining Unicode char U+25E6 (decimal 9702)
   defining Unicode char U+25EF (decimal 9711)
   defining Unicode char U+266A (decimal 9834)
   defining Unicode char U+FEFF (decimal 65279)
))
LaTeX Info: Redefining \oldstylenums on input line 334.
Package textcomp Info: Setting cmr sub-encoding to TS1/0 on input line 349.
Package textcomp Info: Setting cmss sub-encoding to TS1/0 on input line 350.
Package textcomp Info: Setting cmtt sub-encoding to TS1/0 on input line 351.
Package textcomp Info: Setting cmvtt sub-encoding to TS1/0 on input line 352.
Package textcomp Info: Setting cmbr sub-encoding to TS1/0 on input line 353.
Package textcomp Info: Setting cmtl sub-encoding to TS1/0 on input line 354.
Package textcomp Info: Setting ccr sub-encoding to TS1/0 on input line 355.
Package textcomp Info: Setting ptm sub-encoding to TS1/4 on input line 356.
Package textcomp Info: Setting pcr sub-encoding to TS1/4 on input line 357.
Package textcomp Info: Setting phv sub-encoding to TS1/4 on input line 358.
Package textcomp Info: Setting ppl sub-encoding to TS1/3 on input line 359.
Package textcomp Info: Setting pag sub-encoding to TS1/4 on input line 360.
Package textcomp Info: Setting pbk sub-encoding to TS1/4 on input line 361.
Package textcomp Info: Setting pnc sub-encoding to TS1/4 on input line 362.
Package textcomp Info: Setting pzc sub-encoding to TS1/4 on input line 363.
Package textcomp Info: Setting bch sub-encoding to TS1/4 on input line 364.
Package textcomp Info: Setting put sub-encoding to TS1/5 on input line 365.
Package textcomp Info: Setting uag sub-encoding to TS1/5 on input line 366.
Package textcomp Info: Setting ugq sub-encoding to TS1/5 on input line 367.
Package textcomp Info: Setting ul8 sub-encoding to TS1/4 on input line 368.
Package textcomp Info: Setting ul9 sub-encoding to TS1/4 on input line 369.
Package textcomp Info: Setting augie sub-encoding to TS1/5 on input line 370.
Package textcomp Info: Setting dayrom sub-encoding to TS1/3 on input line 371.
Package textcomp Info: Setting dayroms sub-encoding to TS1/3 on input line 372.

Package textcomp Info: Setting pxr sub-encoding to TS1/0 on input line 373.
Package textcomp Info: Setting pxss sub-encoding to TS1/0 on input line 374.
Package textcomp Info: Setting pxtt sub-encoding to TS1/0 on input line 375.
Package textcomp Info: Setting txr sub-encoding to TS1/0 on input line 376.
Package textcomp Info: Setting txss sub-encoding to TS1/0 on input line 377.
Package textcomp Info: Setting txtt sub-encoding to TS1/0 on input line 378.
Package textcomp Info: Setting lmr sub-encoding to TS1/0 on input line 379.
Package textcomp Info: Setting lmdh sub-encoding to TS1/0 on input line 380.
Package textcomp Info: Setting lmss sub-encoding to TS1/0 on input line 381.
Package textcomp Info: Setting lmssq sub-encoding to TS1/0 on input line 382.
Package textcomp Info: Setting lmvtt sub-encoding to TS1/0 on input line 383.
Package textcomp Info: Setting lmtt sub-encoding to TS1/0 on input line 384.
Package textcomp Info: Setting qhv sub-encoding to TS1/0 on input line 385.
Package textcomp Info: Setting qag sub-encoding to TS1/0 on input line 386.
Package textcomp Info: Setting qbk sub-encoding to TS1/0 on input line 387.
Package textcomp Info: Setting qcr sub-encoding to TS1/0 on input line 388.
Package textcomp Info: Setting qcs sub-encoding to TS1/0 on input line 389.
Package textcomp Info: Setting qpl sub-encoding to TS1/0 on input line 390.
Package textcomp Info: Setting qtm sub-encoding to TS1/0 on input line 391.
Package textcomp Info: Setting qzc sub-encoding to TS1/0 on input line 392.
Package textcomp Info: Setting qhvc sub-encoding to TS1/0 on input line 393.
Package textcomp Info: Setting futs sub-encoding to TS1/4 on input line 394.
Package textcomp Info: Setting futx sub-encoding to TS1/4 on input line 395.
Package textcomp Info: Setting futj sub-encoding to TS1/4 on input line 396.
Package textcomp Info: Setting hlh sub-encoding to TS1/3 on input line 397.
Package textcomp Info: Setting hls sub-encoding to TS1/3 on input line 398.
Package textcomp Info: Setting hlst sub-encoding to TS1/3 on input line 399.
Package textcomp Info: Setting hlct sub-encoding to TS1/5 on input line 400.
Package textcomp Info: Setting hlx sub-encoding to TS1/5 on input line 401.
Package textcomp Info: Setting hlce sub-encoding to TS1/5 on input line 402.
Package textcomp Info: Setting hlcn sub-encoding to TS1/5 on input line 403.
Package textcomp Info: Setting hlcw sub-encoding to TS1/5 on input line 404.
Package textcomp Info: Setting hlcf sub-encoding to TS1/5 on input line 405.
Package textcomp Info: Setting pplx sub-encoding to TS1/3 on input line 406.
Package textcomp Info: Setting pplj sub-encoding to TS1/3 on input line 407.
Package textcomp Info: Setting ptmx sub-encoding to TS1/4 on input line 408.
Package textcomp Info: Setting ptmj sub-encoding to TS1/4 on input line 409.
))
(/Users/seanhardison/Library/TinyTeX/texmf-dist/tex/latex/microtype/microtype.s
ty
Package: microtype 2019/02/28 v2.7b Micro-typographical refinements (RS)
(/Users/seanhardison/Library/TinyTeX/texmf-dist/tex/latex/graphics/keyval.sty
Package: keyval 2014/10/28 v1.15 key=value parser (DPC)
\KV@toks@=\toks22
)
\MT@toks=\toks23
\MT@count=\count101
LaTeX Info: Redefining \textls on input line 790.
\MT@outer@kern=\dimen112
LaTeX Info: Redefining \textmicrotypecontext on input line 1336.
\MT@listname@count=\count102

(/Users/seanhardison/Library/TinyTeX/texmf-dist/tex/latex/microtype/microtype-p
dftex.def
File: microtype-pdftex.def 2019/02/28 v2.7b Definitions specific to pdftex (RS)

LaTeX Info: Redefining \lsstyle on input line 914.
LaTeX Info: Redefining \lslig on input line 914.
\MT@outer@space=\skip46
)
Package microtype Info: Loading configuration file microtype.cfg.

(/Users/seanhardison/Library/TinyTeX/texmf-dist/tex/latex/microtype/microtype.c
fg
File: microtype.cfg 2019/02/28 v2.7b microtype main configuration file (RS)
))
(/Users/seanhardison/Library/TinyTeX/texmf-dist/tex/latex/geometry/geometry.sty
Package: geometry 2018/04/16 v5.8 Page Geometry
(/Users/seanhardison/Library/TinyTeX/texmf-dist/tex/generic/oberdiek/ifpdf.sty
Package: ifpdf 2018/09/07 v3.3 Provides the ifpdf switch
)
(/Users/seanhardison/Library/TinyTeX/texmf-dist/tex/generic/oberdiek/ifvtex.sty
Package: ifvtex 2016/05/16 v1.6 Detect VTeX and its facilities (HO)
Package ifvtex Info: VTeX not detected.
)
\Gm@cnth=\count103
\Gm@cntv=\count104
\c@Gm@tempcnt=\count105
\Gm@bindingoffset=\dimen113
\Gm@wd@mp=\dimen114
\Gm@odd@mp=\dimen115
\Gm@even@mp=\dimen116
\Gm@layoutwidth=\dimen117
\Gm@layoutheight=\dimen118
\Gm@layouthoffset=\dimen119
\Gm@layoutvoffset=\dimen120
\Gm@dimlist=\toks24
)
(/Users/seanhardison/Library/TinyTeX/texmf-dist/tex/latex/hyperref/hyperref.sty
Package: hyperref 2018/11/30 v6.88e Hypertext links for LaTeX

(/Users/seanhardison/Library/TinyTeX/texmf-dist/tex/generic/oberdiek/hobsub-hyp
erref.sty
Package: hobsub-hyperref 2016/05/16 v1.14 Bundle oberdiek, subset hyperref (HO)


(/Users/seanhardison/Library/TinyTeX/texmf-dist/tex/generic/oberdiek/hobsub-gen
eric.sty
Package: hobsub-generic 2016/05/16 v1.14 Bundle oberdiek, subset generic (HO)
Package: hobsub 2016/05/16 v1.14 Construct package bundles (HO)
Package: infwarerr 2016/05/16 v1.4 Providing info/warning/error messages (HO)
Package: ltxcmds 2016/05/16 v1.23 LaTeX kernel commands for general use (HO)
Package hobsub Info: Skipping package `ifluatex' (already loaded).
Package hobsub Info: Skipping package `ifvtex' (already loaded).
Package: intcalc 2016/05/16 v1.2 Expandable calculations with integers (HO)
Package hobsub Info: Skipping package `ifpdf' (already loaded).
Package: etexcmds 2016/05/16 v1.6 Avoid name clashes with e-TeX commands (HO)
Package: kvsetkeys 2016/05/16 v1.17 Key value parser (HO)
Package: kvdefinekeys 2016/05/16 v1.4 Define keys (HO)
Package: pdftexcmds 2018/09/10 v0.29 Utility functions of pdfTeX for LuaTeX (HO
)
Package pdftexcmds Info: LuaTeX not detected.
Package pdftexcmds Info: \pdf@primitive is available.
Package pdftexcmds Info: \pdf@ifprimitive is available.
Package pdftexcmds Info: \pdfdraftmode found.
Package: pdfescape 2016/05/16 v1.14 Implements pdfTeX's escape features (HO)
Package: bigintcalc 2016/05/16 v1.4 Expandable calculations on big integers (HO
)
Package: bitset 2016/05/16 v1.2 Handle bit-vector datatype (HO)
Package: uniquecounter 2016/05/16 v1.3 Provide unlimited unique counter (HO)
)
Package hobsub Info: Skipping package `hobsub' (already loaded).
Package: letltxmacro 2016/05/16 v1.5 Let assignment for LaTeX macros (HO)
Package: hopatch 2016/05/16 v1.3 Wrapper for package hooks (HO)
Package: xcolor-patch 2016/05/16 xcolor patch
Package: atveryend 2016/05/16 v1.9 Hooks at the very end of document (HO)
Package atveryend Info: \enddocument detected (standard20110627).
Package: atbegshi 2016/06/09 v1.18 At begin shipout hook (HO)
Package: refcount 2016/05/16 v3.5 Data extraction from label references (HO)
Package: hycolor 2016/05/16 v1.8 Color options for hyperref/bookmark (HO)
) (/Users/seanhardison/Library/TinyTeX/texmf-dist/tex/latex/oberdiek/auxhook.st
y
Package: auxhook 2016/05/16 v1.4 Hooks for auxiliary files (HO)
)
(/Users/seanhardison/Library/TinyTeX/texmf-dist/tex/latex/oberdiek/kvoptions.st
y
Package: kvoptions 2016/05/16 v3.12 Key value format for package options (HO)
)
\@linkdim=\dimen121
\Hy@linkcounter=\count106
\Hy@pagecounter=\count107
(/Users/seanhardison/Library/TinyTeX/texmf-dist/tex/latex/hyperref/pd1enc.def
File: pd1enc.def 2018/11/30 v6.88e Hyperref: PDFDocEncoding definition (HO)
Now handling font encoding PD1 ...
... no UTF-8 mapping file for font encoding PD1
)
\Hy@SavedSpaceFactor=\count108

(/Users/seanhardison/Library/TinyTeX/texmf-dist/tex/latex/latexconfig/hyperref.
cfg
File: hyperref.cfg 2002/06/06 v1.2 hyperref configuration of TeXLive
)
Package hyperref Info: Hyper figures OFF on input line 4519.
Package hyperref Info: Link nesting OFF on input line 4524.
Package hyperref Info: Hyper index ON on input line 4527.
Package hyperref Info: Plain pages OFF on input line 4534.
Package hyperref Info: Backreferencing OFF on input line 4539.
Package hyperref Info: Implicit mode ON; LaTeX internals redefined.
Package hyperref Info: Bookmarks ON on input line 4772.
\c@Hy@tempcnt=\count109
(/Users/seanhardison/Library/TinyTeX/texmf-dist/tex/latex/url/url.sty
\Urlmuskip=\muskip11
Package: url 2013/09/16  ver 3.4  Verb mode for urls, etc.
)
LaTeX Info: Redefining \url on input line 5125.
\XeTeXLinkMargin=\dimen122
\Fld@menulength=\count110
\Field@Width=\dimen123
\Fld@charsize=\dimen124
Package hyperref Info: Hyper figures OFF on input line 6380.
Package hyperref Info: Link nesting OFF on input line 6385.
Package hyperref Info: Hyper index ON on input line 6388.
Package hyperref Info: backreferencing OFF on input line 6395.
Package hyperref Info: Link coloring OFF on input line 6400.
Package hyperref Info: Link coloring with OCG OFF on input line 6405.
Package hyperref Info: PDF/A mode OFF on input line 6410.
LaTeX Info: Redefining \ref on input line 6450.
LaTeX Info: Redefining \pageref on input line 6454.
\Hy@abspage=\count111
\c@Item=\count112
\c@Hfootnote=\count113
)
Package hyperref Info: Driver (autodetected): hpdftex.
(/Users/seanhardison/Library/TinyTeX/texmf-dist/tex/latex/hyperref/hpdftex.def
File: hpdftex.def 2018/11/30 v6.88e Hyperref driver for pdfTeX
\Fld@listcount=\count114
\c@bookmark@seq@number=\count115

(/Users/seanhardison/Library/TinyTeX/texmf-dist/tex/latex/oberdiek/rerunfileche
ck.sty
Package: rerunfilecheck 2016/05/16 v1.8 Rerun checks for auxiliary files (HO)
Package uniquecounter Info: New unique counter `rerunfilecheck' on input line 2
82.
)
\Hy@SectionHShift=\skip47
)
Package hyperref Info: Option `unicode' set `true' on input line 30.
(/Users/seanhardison/Library/TinyTeX/texmf-dist/tex/latex/hyperref/puenc.def
File: puenc.def 2018/11/30 v6.88e Hyperref: PDF Unicode definition (HO)
Now handling font encoding PU ...
... no UTF-8 mapping file for font encoding PU
)
Package hyperref Info: Option `breaklinks' set `true' on input line 30.
(/Users/seanhardison/Library/TinyTeX/texmf-dist/tex/latex/graphics/color.sty
Package: color 2016/07/10 v1.1e Standard LaTeX Color (DPC)

(/Users/seanhardison/Library/TinyTeX/texmf-dist/tex/latex/graphics-cfg/color.cf
g
File: color.cfg 2016/01/02 v1.6 sample color configuration
)
Package color Info: Driver file: pdftex.def on input line 147.

(/Users/seanhardison/Library/TinyTeX/texmf-dist/tex/latex/graphics-def/pdftex.d
ef
File: pdftex.def 2018/01/08 v1.0l Graphics/color driver for pdftex
))
(/Users/seanhardison/Library/TinyTeX/texmf-dist/tex/latex/fancyvrb/fancyvrb.sty
Package: fancyvrb 2019/01/15
Style option: `fancyvrb' v3.2a <2019/01/15> (tvz)
\FV@CodeLineNo=\count116
\FV@InFile=\read1
\FV@TabBox=\box29
\c@FancyVerbLine=\count117
\FV@StepNumber=\count118
\FV@OutFile=\write3
) (/Users/seanhardison/Library/TinyTeX/texmf-dist/tex/latex/framed/framed.sty
Package: framed 2011/10/22 v 0.96: framed or shaded text with page breaks
\OuterFrameSep=\skip48
\fb@frw=\dimen125
\fb@frh=\dimen126
\FrameRule=\dimen127
\FrameSep=\dimen128
) (/Users/seanhardison/Library/TinyTeX/texmf-dist/tex/latex/tools/longtable.sty
Package: longtable 2014/10/28 v4.11 Multi-page Table package (DPC)+ FMi change
\LTleft=\skip49
\LTright=\skip50
\LTpre=\skip51
\LTpost=\skip52
\LTchunksize=\count119
\LTcapwidth=\dimen129
\LT@head=\box30
\LT@firsthead=\box31
\LT@foot=\box32
\LT@lastfoot=\box33
\LT@cols=\count120
\LT@rows=\count121
\c@LT@tables=\count122
\c@LT@chunks=\count123
\LT@p@ftn=\toks25
)
(/Users/seanhardison/Library/TinyTeX/texmf-dist/tex/latex/booktabs/booktabs.sty
Package: booktabs 2016/04/27 v1.618033 publication quality tables
\heavyrulewidth=\dimen130
\lightrulewidth=\dimen131
\cmidrulewidth=\dimen132
\belowrulesep=\dimen133
\belowbottomsep=\dimen134
\aboverulesep=\dimen135
\abovetopsep=\dimen136
\cmidrulesep=\dimen137
\cmidrulekern=\dimen138
\defaultaddspace=\dimen139
\@cmidla=\count124
\@cmidlb=\count125
\@aboverulesep=\dimen140
\@belowrulesep=\dimen141
\@thisruleclass=\count126
\@lastruleclass=\count127
\@thisrulewidth=\dimen142
)
(/Users/seanhardison/Library/TinyTeX/texmf-dist/tex/latex/graphics/graphicx.sty
Package: graphicx 2017/06/01 v1.1a Enhanced LaTeX Graphics (DPC,SPQR)

(/Users/seanhardison/Library/TinyTeX/texmf-dist/tex/latex/graphics/graphics.sty
Package: graphics 2017/06/25 v1.2c Standard LaTeX Graphics (DPC,SPQR)
(/Users/seanhardison/Library/TinyTeX/texmf-dist/tex/latex/graphics/trig.sty
Package: trig 2016/01/03 v1.10 sin cos tan (DPC)
)
(/Users/seanhardison/Library/TinyTeX/texmf-dist/tex/latex/graphics-cfg/graphics
.cfg
File: graphics.cfg 2016/06/04 v1.11 sample graphics configuration
)
Package graphics Info: Driver file: pdftex.def on input line 99.
)
\Gin@req@height=\dimen143
\Gin@req@width=\dimen144
) (/Users/seanhardison/Library/TinyTeX/texmf-dist/tex/latex/oberdiek/grffile.st
y
Package: grffile 2017/06/30 v1.18 Extended file name support for graphics (HO)
Package grffile Info: Option `multidot' is set to `true'.
Package grffile Info: Option `extendedchars' is set to `false'.
Package grffile Info: Option `space' is set to `true'.
Package grffile Info: \Gin@ii of package `graphicx' fixed on input line 494.
) (/Users/seanhardison/Library/TinyTeX/texmf-dist/tex/latex/titling/titling.sty
Package: titling 2009/09/04 v2.1d maketitle typesetting
\thanksmarkwidth=\skip53
\thanksmargin=\skip54
\droptitle=\skip55
) (./_main.aux)
\openout1 = `_main.aux'.

LaTeX Font Info:    Checking defaults for OML/cmm/m/it on input line 129.
LaTeX Font Info:    ... okay on input line 129.
LaTeX Font Info:    Checking defaults for T1/cmr/m/n on input line 129.
LaTeX Font Info:    ... okay on input line 129.
LaTeX Font Info:    Checking defaults for OT1/cmr/m/n on input line 129.
LaTeX Font Info:    ... okay on input line 129.
LaTeX Font Info:    Checking defaults for OMS/cmsy/m/n on input line 129.
LaTeX Font Info:    ... okay on input line 129.
LaTeX Font Info:    Checking defaults for OMX/cmex/m/n on input line 129.
LaTeX Font Info:    ... okay on input line 129.
LaTeX Font Info:    Checking defaults for U/cmr/m/n on input line 129.
LaTeX Font Info:    ... okay on input line 129.
LaTeX Font Info:    Checking defaults for TS1/cmr/m/n on input line 129.
LaTeX Font Info:    Try loading font information for TS1+cmr on input line 129.

(/Users/seanhardison/Library/TinyTeX/texmf-dist/tex/latex/base/ts1cmr.fd
File: ts1cmr.fd 2014/09/29 v2.5h Standard LaTeX font definitions
)
LaTeX Font Info:    ... okay on input line 129.
LaTeX Font Info:    Checking defaults for PD1/pdf/m/n on input line 129.
LaTeX Font Info:    ... okay on input line 129.
LaTeX Font Info:    Checking defaults for PU/pdf/m/n on input line 129.
LaTeX Font Info:    ... okay on input line 129.
LaTeX Font Info:    Try loading font information for T1+lmr on input line 129.
(/Users/seanhardison/Library/TinyTeX/texmf-dist/tex/latex/lm/t1lmr.fd
File: t1lmr.fd 2009/10/30 v1.6 Font defs for Latin Modern
)
LaTeX Info: Redefining \microtypecontext on input line 129.
Package microtype Info: Generating PDF output.
Package microtype Info: Character protrusion enabled (level 2).
Package microtype Info: Using protrusion set `basicmath'.
Package microtype Info: Automatic font expansion enabled (level 2),
(microtype)             stretch: 20, shrink: 20, step: 1, non-selected.
Package microtype Info: Using default expansion set `basictext'.
Package microtype Info: No adjustment of tracking.
Package microtype Info: No adjustment of interword spacing.
Package microtype Info: No adjustment of character kerning.
(/Users/seanhardison/Library/TinyTeX/texmf-dist/tex/latex/microtype/mt-cmr.cfg
File: mt-cmr.cfg 2013/05/19 v2.2 microtype config. file: Computer Modern Roman 
(RS)
)
*geometry* driver: auto-detecting
*geometry* detected driver: pdftex
*geometry* verbose mode - [ preamble ] result:
* driver: pdftex
* paper: <default>
* layout: <same size as paper>
* layoutoffset:(h,v)=(0.0pt,0.0pt)
* modes: twoside 
* h-part:(L,W,R)=(72.26999pt, 469.75502pt, 72.26999pt)
* v-part:(T,H,B)=(72.26999pt, 650.43001pt, 72.26999pt)
* \paperwidth=614.295pt
* \paperheight=794.96999pt
* \textwidth=469.75502pt
* \textheight=650.43001pt
* \oddsidemargin=0.0pt
* \evensidemargin=0.0pt
* \topmargin=-30.06749pt
* \headheight=12.0pt
* \headsep=18.06749pt
* \topskip=10.0pt
* \footskip=25.29494pt
* \marginparwidth=125.0pt
* \marginparsep=7.0pt
* \columnsep=10.0pt
* \skip\footins=9.0pt plus 4.0pt minus 2.0pt
* \hoffset=0.0pt
* \voffset=0.0pt
* \mag=1000
* \@twocolumnfalse
* \@twosidetrue
* \@mparswitchtrue
* \@reversemarginfalse
* (1in=72.27pt=25.4mm, 1cm=28.453pt)

\AtBeginShipoutBox=\box34
Package hyperref Info: Link coloring OFF on input line 129.
(/Users/seanhardison/Library/TinyTeX/texmf-dist/tex/latex/hyperref/nameref.sty
Package: nameref 2016/05/21 v2.44 Cross-referencing by name of section

(/Users/seanhardison/Library/TinyTeX/texmf-dist/tex/generic/oberdiek/gettitlest
ring.sty
Package: gettitlestring 2016/05/16 v1.5 Cleanup title references (HO)
)
\c@section@level=\count128
)
LaTeX Info: Redefining \ref on input line 129.
LaTeX Info: Redefining \pageref on input line 129.
LaTeX Info: Redefining \nameref on input line 129.
(./_main.out) (./_main.out)
\@outlinefile=\write4
\openout4 = `_main.out'.


(/Users/seanhardison/Library/TinyTeX/texmf-dist/tex/latex/oberdiek/epstopdf-bas
e.sty
Package: epstopdf-base 2016/05/15 v2.6 Base part for package epstopdf
(/Users/seanhardison/Library/TinyTeX/texmf-dist/tex/latex/oberdiek/grfext.sty
Package: grfext 2016/05/16 v1.2 Manage graphics extensions (HO)
)
Package epstopdf-base Info: Redefining graphics rule for `.eps' on input line 4
38.
Package grfext Info: Graphics extension search list:
(grfext)             [.pdf,.png,.jpg,.mps,.jpeg,.jbig2,.jb2,.PDF,.PNG,.JPG,.JPE
G,.JBIG2,.JB2,.eps]
(grfext)             \AppendGraphicsExtensions on input line 456.

(/Users/seanhardison/Library/TinyTeX/texmf-dist/tex/latex/latexconfig/epstopdf-
sys.cfg
File: epstopdf-sys.cfg 2010/07/13 v1.3 Configuration of (r)epstopdf for TeX Liv
e
)) [1


{/Users/seanhardison/Library/TinyTeX/texmf-var/fonts/map/pdftex/updmap/pdftex.m
ap}] [2

] (./_main.toc
LaTeX Font Info:    Try loading font information for OT1+lmr on input line 8.
(/Users/seanhardison/Library/TinyTeX/texmf-dist/tex/latex/lm/ot1lmr.fd
File: ot1lmr.fd 2009/10/30 v1.6 Font defs for Latin Modern
)
LaTeX Font Info:    Try loading font information for OML+lmm on input line 8.
(/Users/seanhardison/Library/TinyTeX/texmf-dist/tex/latex/lm/omllmm.fd
File: omllmm.fd 2009/10/30 v1.6 Font defs for Latin Modern
)
LaTeX Font Info:    Try loading font information for OMS+lmsy on input line 8.
(/Users/seanhardison/Library/TinyTeX/texmf-dist/tex/latex/lm/omslmsy.fd
File: omslmsy.fd 2009/10/30 v1.6 Font defs for Latin Modern
)
LaTeX Font Info:    Try loading font information for OMX+lmex on input line 8.
(/Users/seanhardison/Library/TinyTeX/texmf-dist/tex/latex/lm/omxlmex.fd
File: omxlmex.fd 2009/10/30 v1.6 Font defs for Latin Modern
)
LaTeX Font Info:    External font `lmex10' loaded for size
(Font)              <10> on input line 8.
LaTeX Font Info:    External font `lmex10' loaded for size
(Font)              <7> on input line 8.
LaTeX Font Info:    External font `lmex10' loaded for size
(Font)              <5> on input line 8.
LaTeX Font Info:    Try loading font information for U+msa on input line 8.
(/Users/seanhardison/Library/TinyTeX/texmf-dist/tex/latex/amsfonts/umsa.fd
File: umsa.fd 2013/01/14 v3.01 AMS symbols A
) (/Users/seanhardison/Library/TinyTeX/texmf-dist/tex/latex/microtype/mt-msa.cf
g
File: mt-msa.cfg 2006/02/04 v1.1 microtype config. file: AMS symbols (a) (RS)
)
LaTeX Font Info:    Try loading font information for U+msb on input line 8.
(/Users/seanhardison/Library/TinyTeX/texmf-dist/tex/latex/amsfonts/umsb.fd
File: umsb.fd 2013/01/14 v3.01 AMS symbols B
) (/Users/seanhardison/Library/TinyTeX/texmf-dist/tex/latex/microtype/mt-msb.cf
g
File: mt-msb.cfg 2005/06/01 v1.0 microtype config. file: AMS symbols (b) (RS)
) [3])
\tf@toc=\write5
\openout5 = `_main.toc'.

[4]
</Users/seanhardison/Documents/git/tech-doc/images/journal.pone.0146756.g002.pn
g, id=267, 300.4023pt x 309.91785pt>
File: /Users/seanhardison/Documents/git/tech-doc/images/journal.pone.0146756.g0
02.png Graphic file (type png)
<use /Users/seanhardison/Documents/git/tech-doc/images/journal.pone.0146756.g00
2.png>
Package pdftex.def Info: /Users/seanhardison/Documents/git/tech-doc/images/jour
nal.pone.0146756.g002.png  used on input line 181.
(pdftex.def)             Requested size: 300.4107pt x 309.92653pt.

Underfull \vbox (badness 10000) has occurred while \output is active []

[5

] [6 </Users/seanhardison/Documents/git/tech-doc/images/journal.pone.0146756.g0
02.png>]
Chapter 1.
LaTeX Font Info:    External font `lmex10' loaded for size
(Font)              <8> on input line 219.
LaTeX Font Info:    External font `lmex10' loaded for size
(Font)              <6> on input line 219.
LaTeX Font Info:    Try loading font information for T1+lmtt on input line 219.

(/Users/seanhardison/Library/TinyTeX/texmf-dist/tex/latex/lm/t1lmtt.fd
File: t1lmtt.fd 2009/10/30 v1.6 Font defs for Latin Modern
) [7

]
LaTeX Font Info:    Font shape `T1/lmtt/bx/n' in size <10> not available
(Font)              Font shape `T1/lmtt/b/n' tried instead on input line 251.
LaTeX Font Info:    Try loading font information for TS1+lmtt on input line 254
.
(/Users/seanhardison/Library/TinyTeX/texmf-dist/tex/latex/lm/ts1lmtt.fd
File: ts1lmtt.fd 2009/10/30 v1.6 Font defs for Latin Modern
) [8]
Chapter 2.
[9

] [10]
LaTeX Font Info:    Try loading font information for TS1+lmr on input line 463.

(/Users/seanhardison/Library/TinyTeX/texmf-dist/tex/latex/lm/ts1lmr.fd
File: ts1lmr.fd 2009/10/30 v1.6 Font defs for Latin Modern
)
Underfull \hbox (badness 10000) in paragraph at lines 463--465

 []


Underfull \hbox (badness 10000) in paragraph at lines 465--467

 []


Underfull \hbox (badness 10000) in paragraph at lines 467--469

 []

[11]
Underfull \vbox (badness 10000) detected at line 732
 []


Underfull \vbox (badness 10000) detected at line 732
 []

[12]
Underfull \vbox (badness 10000) detected at line 732
 []


Underfull \vbox (badness 10000) detected at line 732
 []

[13]
Underfull \vbox (badness 10000) detected at line 732
 []


Underfull \vbox (badness 10000) detected at line 732
 []

[14]
Underfull \vbox (badness 10000) detected at line 732
 []


Underfull \vbox (badness 10000) detected at line 732
 []

[15] [16]
Chapter 3.
[17

]
Underfull \vbox (badness 10000) detected at line 926
 []


Underfull \vbox (badness 10000) detected at line 926
 []

[18]
Underfull \vbox (badness 10000) detected at line 926
 []


Underfull \vbox (badness 10000) detected at line 926
 []

[19]
Underfull \vbox (badness 10000) has occurred while \output is active []

[20] [21]
Underfull \vbox (badness 10000) detected at line 1228
 []


Underfull \vbox (badness 10000) detected at line 1228
 []

[22]
Underfull \vbox (badness 10000) detected at line 1228
 []


Underfull \vbox (badness 10000) detected at line 1228
 []

[23]
Underfull \vbox (badness 10000) detected at line 1228
 []


Underfull \vbox (badness 10000) detected at line 1228
 []

[24]
Underfull \vbox (badness 10000) detected at line 1228
 []


Underfull \vbox (badness 10000) detected at line 1228
 []

[25]
<_main_files/figure-latex/plotting-1.pdf, id=434, 578.16pt x 234.8775pt>
File: _main_files/figure-latex/plotting-1.pdf Graphic file (type pdf)
<use _main_files/figure-latex/plotting-1.pdf>
Package pdftex.def Info: _main_files/figure-latex/plotting-1.pdf  used on input
 line 1232.
(pdftex.def)             Requested size: 469.75385pt x 190.8375pt.
[26 <./_main_files/figure-latex/plotting-1.pdf>]
Chapter 4.
[27

]
<_main_files/figure-latex/mariculture-1.pdf, id=465, 469.755pt x 289.08pt>
File: _main_files/figure-latex/mariculture-1.pdf Graphic file (type pdf)
<use _main_files/figure-latex/mariculture-1.pdf>
Package pdftex.def Info: _main_files/figure-latex/mariculture-1.pdf  used on in
put line 1346.
(pdftex.def)             Requested size: 469.75386pt x 289.07928pt.
[28] [29 <./_main_files/figure-latex/mariculture-1.pdf>] [30

]
Chapter 5.
[31] [32] [33]
<_main_files/figure-latex/bennet-plot1-1.pdf, id=527, 469.755pt x 325.215pt>
File: _main_files/figure-latex/bennet-plot1-1.pdf Graphic file (type pdf)
<use _main_files/figure-latex/bennet-plot1-1.pdf>
Package pdftex.def Info: _main_files/figure-latex/bennet-plot1-1.pdf  used on i
nput line 1575.
(pdftex.def)             Requested size: 469.75386pt x 325.2142pt.

Underfull \vbox (badness 10000) has occurred while \output is active []

[34] [35 <./_main_files/figure-latex/bennet-plot1-1.pdf>] [36

]
Chapter 6.
[37] [38] [39] [40

]
Chapter 7.
[41] [42] [43]
<_main_files/figure-latex/MAB-zooplankton-1.pdf, id=652, 469.755pt x 325.215pt>

File: _main_files/figure-latex/MAB-zooplankton-1.pdf Graphic file (type pdf)
<use _main_files/figure-latex/MAB-zooplankton-1.pdf>
Package pdftex.def Info: _main_files/figure-latex/MAB-zooplankton-1.pdf  used o
n input line 1982.
(pdftex.def)             Requested size: 469.75386pt x 325.2142pt.
[44 <./_main_files/figure-latex/MAB-zooplankton-1.pdf>]
Underfull \vbox (badness 10000) detected at line 2063
 []


Underfull \vbox (badness 10000) detected at line 2063
 []

[45]
<_main_files/figure-latex/SST-PPD-CHL-MAB-1.pdf, id=673, 578.16pt x 289.08pt>
File: _main_files/figure-latex/SST-PPD-CHL-MAB-1.pdf Graphic file (type pdf)
<use _main_files/figure-latex/SST-PPD-CHL-MAB-1.pdf>
Package pdftex.def Info: _main_files/figure-latex/SST-PPD-CHL-MAB-1.pdf  used o
n input line 2067.
(pdftex.def)             Requested size: 469.75385pt x 234.8769pt.
<_main_files/figure-latex/PP-OCCI-1.pdf, id=674, 578.16pt x 325.215pt>
File: _main_files/figure-latex/PP-OCCI-1.pdf Graphic file (type pdf)
<use _main_files/figure-latex/PP-OCCI-1.pdf>
Package pdftex.def Info: _main_files/figure-latex/PP-OCCI-1.pdf  used on input 
line 2078.
(pdftex.def)             Requested size: 469.75385pt x 264.23653pt.
[46 <./_main_files/figure-latex/SST-PPD-CHL-MAB-1.pdf>] [47 <./_main_files/figu
re-latex/PP-OCCI-1.pdf>] [48

]
Chapter 8.

Underfull \vbox (badness 10000) has occurred while \output is active []

[49] [50]
Underfull \vbox (badness 10000) detected at line 2282
 []


Underfull \vbox (badness 10000) detected at line 2282
 []

[51] [52]
</Users/seanhardison/Documents/git/tech-doc/images/Species_vulnerability_NE.jpg
, id=736, 963.6pt x 542.025pt>
File: /Users/seanhardison/Documents/git/tech-doc/images/Species_vulnerability_N
E.jpg Graphic file (type jpg)
<use /Users/seanhardison/Documents/git/tech-doc/images/Species_vulnerability_NE
.jpg>
Package pdftex.def Info: /Users/seanhardison/Documents/git/tech-doc/images/Spec
ies_vulnerability_NE.jpg  used on input line 2359.
(pdftex.def)             Requested size: 963.62706pt x 542.0402pt.

Overfull \hbox (493.87204pt too wide) in paragraph at lines 2359--2360
 [][] 
 []

[53] [54 </Users/seanhardison/Documents/git/tech-doc/images/Species_vulnerabili
ty_NE.jpg>]
Chapter 9.
[55

]
</Users/seanhardison/Documents/git/tech-doc/images/GBGOMconceptual1.png, id=761
, 722.7pt x 523.2348pt>
File: /Users/seanhardison/Documents/git/tech-doc/images/GBGOMconceptual1.png Gr
aphic file (type png)
<use /Users/seanhardison/Documents/git/tech-doc/images/GBGOMconceptual1.png>
Package pdftex.def Info: /Users/seanhardison/Documents/git/tech-doc/images/GBGO
Mconceptual1.png  used on input line 2436.
(pdftex.def)             Requested size: 722.75336pt x 523.27344pt.

Overfull \hbox (252.99834pt too wide) in paragraph at lines 2436--2437
[][] 
 []

[56 </Users/seanhardison/Documents/git/tech-doc/images/GBGOMconceptual1.png>] [
57] [58] [59] [60] [61] [62]
</Users/seanhardison/Documents/git/tech-doc/images/MM_GoM_Ecological.png, id=96
8, 779.91376pt x 468.5505pt>
File: /Users/seanhardison/Documents/git/tech-doc/images/MM_GoM_Ecological.png G
raphic file (type png)
<use /Users/seanhardison/Documents/git/tech-doc/images/MM_GoM_Ecological.png>
Package pdftex.def Info: /Users/seanhardison/Documents/git/tech-doc/images/MM_G
oM_Ecological.png  used on input line 3015.
(pdftex.def)             Requested size: 779.93565pt x 468.56366pt.

Overfull \hbox (310.18063pt too wide) in paragraph at lines 3015--3015
[][] 
 []

</Users/seanhardison/Documents/git/tech-doc/images/MM_GoM_Climate.png, id=972, 
779.91376pt x 468.5505pt>
File: /Users/seanhardison/Documents/git/tech-doc/images/MM_GoM_Climate.png Grap
hic file (type png)
<use /Users/seanhardison/Documents/git/tech-doc/images/MM_GoM_Climate.png>
Package pdftex.def Info: /Users/seanhardison/Documents/git/tech-doc/images/MM_G
oM_Climate.png  used on input line 3039.
(pdftex.def)             Requested size: 779.93565pt x 468.56366pt.

Overfull \hbox (310.18063pt too wide) in paragraph at lines 3039--3039
[][] 
 []

[63] [64 </Users/seanhardison/Documents/git/tech-doc/images/MM_GoM_Ecological.p
ng>] [65 </Users/seanhardison/Documents/git/tech-doc/images/MM_GoM_Climate.png>
]
</Users/seanhardison/Documents/git/tech-doc/images/MM_GoM_Human_Connections.png
, id=995, 780.516pt x 468.5505pt>
File: /Users/seanhardison/Documents/git/tech-doc/images/MM_GoM_Human_Connection
s.png Graphic file (type png)
<use /Users/seanhardison/Documents/git/tech-doc/images/MM_GoM_Human_Connections
.png>
Package pdftex.def Info: /Users/seanhardison/Documents/git/tech-doc/images/MM_G
oM_Human_Connections.png  used on input line 3077.
(pdftex.def)             Requested size: 780.53792pt x 468.56366pt.

Overfull \hbox (310.7829pt too wide) in paragraph at lines 3077--3077
[][] 
 []

</Users/seanhardison/Documents/git/tech-doc/images/GBoverview5.png, id=997, 104
4.90375pt x 907.39pt>
File: /Users/seanhardison/Documents/git/tech-doc/images/GBoverview5.png Graphic
 file (type png)
<use /Users/seanhardison/Documents/git/tech-doc/images/GBoverview5.png>
Package pdftex.def Info: /Users/seanhardison/Documents/git/tech-doc/images/GBov
erview5.png  used on input line 3090.
(pdftex.def)             Requested size: 748.99785pt x 650.42657pt.

Overfull \hbox (279.24283pt too wide) in paragraph at lines 3090--3090
[][] 
 []


LaTeX Warning: Float too large for page by 23.941pt on input line 3091.

</Users/seanhardison/Documents/git/tech-doc/images/GoMoverview4.png, id=998, 13
45.025pt x 995.72pt>
File: /Users/seanhardison/Documents/git/tech-doc/images/GoMoverview4.png Graphi
c file (type png)
<use /Users/seanhardison/Documents/git/tech-doc/images/GoMoverview4.png>
Package pdftex.def Info: /Users/seanhardison/Documents/git/tech-doc/images/GoMo
verview4.png  used on input line 3094.
(pdftex.def)             Requested size: 878.62738pt x 650.44655pt.

Overfull \hbox (408.87236pt too wide) in paragraph at lines 3094--3094
[][] 
 []


LaTeX Warning: Float too large for page by 23.96097pt on input line 3095.

</Users/seanhardison/Documents/git/tech-doc/images/MAB_3.png, id=999, 1236.62pt
 x 1048.91875pt>
File: /Users/seanhardison/Documents/git/tech-doc/images/MAB_3.png Graphic file 
(type png)
<use /Users/seanhardison/Documents/git/tech-doc/images/MAB_3.png>
Package pdftex.def Info: /Users/seanhardison/Documents/git/tech-doc/images/MAB_
3.png  used on input line 3098.
(pdftex.def)             Requested size: 766.84744pt x 650.45094pt.

Overfull \hbox (297.09242pt too wide) in paragraph at lines 3098--3098
[][] 
 []


LaTeX Warning: Float too large for page by 23.96536pt on input line 3099.

</Users/seanhardison/Documents/git/tech-doc/images/GOM_GB_conmod_overview.jpg, 
id=1000, 2348.0523pt x 1770.615pt>
File: /Users/seanhardison/Documents/git/tech-doc/images/GOM_GB_conmod_overview.
jpg Graphic file (type jpg)
<use /Users/seanhardison/Documents/git/tech-doc/images/GOM_GB_conmod_overview.j
pg>
Package pdftex.def Info: /Users/seanhardison/Documents/git/tech-doc/images/GOM_
GB_conmod_overview.jpg  used on input line 3109.
(pdftex.def)             Requested size: 862.56747pt x 650.4433pt.

Overfull \hbox (392.81245pt too wide) in paragraph at lines 3109--3109
[][] 
 []


LaTeX Warning: Float too large for page by 23.95772pt on input line 3110.

</Users/seanhardison/Documents/git/tech-doc/images/MAB_conmod_overview.jpg, id=
1001, 6522.3675pt x 4918.375pt>
File: /Users/seanhardison/Documents/git/tech-doc/images/MAB_conmod_overview.jpg
 Graphic file (type jpg)
<use /Users/seanhardison/Documents/git/tech-doc/images/MAB_conmod_overview.jpg>

Package pdftex.def Info: /Users/seanhardison/Documents/git/tech-doc/images/MAB_
conmod_overview.jpg  used on input line 3113.
(pdftex.def)             Requested size: 862.46794pt x 650.36826pt.

Overfull \hbox (392.71292pt too wide) in paragraph at lines 3113--3113
[][] 
 []


LaTeX Warning: Float too large for page by 23.88268pt on input line 3114.

[66] [67 </Users/seanhardison/Documents/git/tech-doc/images/MM_GoM_Human_Connec
tions.png>] [68 </Users/seanhardison/Documents/git/tech-doc/images/GBoverview5.
png>] [69 </Users/seanhardison/Documents/git/tech-doc/images/GoMoverview4.png>]
[70 </Users/seanhardison/Documents/git/tech-doc/images/MAB_3.png>] [71 </Users/
seanhardison/Documents/git/tech-doc/images/GOM_GB_conmod_overview.jpg>] [72 </U
sers/seanhardison/Documents/git/tech-doc/images/MAB_conmod_overview.jpg>]
Chapter 10.
[73

] [74] [75]
Underfull \vbox (badness 10000) detected at line 3436
 []


Underfull \vbox (badness 10000) detected at line 3436
 []

[76]
Underfull \vbox (badness 10000) detected at line 3436
 []


Underfull \vbox (badness 10000) detected at line 3436
 []

[77]
<_main_files/figure-latex/condition-factor-1.pdf, id=1079, 578.16pt x 542.025pt
>
File: _main_files/figure-latex/condition-factor-1.pdf Graphic file (type pdf)
<use _main_files/figure-latex/condition-factor-1.pdf>
Package pdftex.def Info: _main_files/figure-latex/condition-factor-1.pdf  used 
on input line 3442.
(pdftex.def)             Requested size: 469.75385pt x 440.39423pt.
[78] [79 <./_main_files/figure-latex/condition-factor-1.pdf>] [80

]
Chapter 11.
[81] [82] [83]
</Users/seanhardison/Documents/git/tech-doc/images/EPUs.jpg, id=1133, 453.8556p
t x 352.6776pt>
File: /Users/seanhardison/Documents/git/tech-doc/images/EPUs.jpg Graphic file (
type jpg)
<use /Users/seanhardison/Documents/git/tech-doc/images/EPUs.jpg>
Package pdftex.def Info: /Users/seanhardison/Documents/git/tech-doc/images/EPUs
.jpg  used on input line 3698.
(pdftex.def)             Requested size: 453.87526pt x 352.69287pt.
[84] [85 </Users/seanhardison/Documents/git/tech-doc/images/EPUs.jpg>] [86

]
Chapter 12.
[87]
<_main_files/figure-latex/harbor-porpoise-1.pdf, id=1177, 469.755pt x 289.08pt>

File: _main_files/figure-latex/harbor-porpoise-1.pdf Graphic file (type pdf)
<use _main_files/figure-latex/harbor-porpoise-1.pdf>
Package pdftex.def Info: _main_files/figure-latex/harbor-porpoise-1.pdf  used o
n input line 3828.
(pdftex.def)             Requested size: 469.75386pt x 289.07928pt.
[88] [89 <./_main_files/figure-latex/harbor-porpoise-1.pdf>] [90

]
Chapter 13.

Overfull \hbox (81.60234pt too wide) in paragraph at lines 3894--3898
\T1/lmr/m/n/10 (-20) Data re-trieved from NOAA NEFSC Oceans and Cli-mate branch
 []pub-lic dataset[] (File-name: ``EcoMon_Plankton_Data_v3_0.xlsx'',
 []

[91] [92]
Underfull \vbox (badness 10000) detected at line 4027
 []


Underfull \vbox (badness 10000) detected at line 4027
 []

[93]
<_main_files/figure-latex/larval-diversity-1.pdf, id=1226, 469.755pt x 325.215p
t>
File: _main_files/figure-latex/larval-diversity-1.pdf Graphic file (type pdf)
<use _main_files/figure-latex/larval-diversity-1.pdf>
Package pdftex.def Info: _main_files/figure-latex/larval-diversity-1.pdf  used 
on input line 4059.
(pdftex.def)             Requested size: 469.75386pt x 325.2142pt.
[94] [95 <./_main_files/figure-latex/larval-diversity-1.pdf>] [96

]
Chapter 14.
[97]
</Users/seanhardison/Documents/git/tech-doc/images/Stat_Area_Map.jpg, id=1257, 
722.7pt x 758.835pt>
File: /Users/seanhardison/Documents/git/tech-doc/images/Stat_Area_Map.jpg Graph
ic file (type jpg)
<use /Users/seanhardison/Documents/git/tech-doc/images/Stat_Area_Map.jpg>
Package pdftex.def Info: /Users/seanhardison/Documents/git/tech-doc/images/Stat
_Area_Map.jpg  used on input line 4129.
(pdftex.def)             Requested size: 234.87471pt x 246.61845pt.
[98 </Users/seanhardison/Documents/git/tech-doc/images/Stat_Area_Map.jpg>] [99]

Underfull \vbox (badness 10000) detected at line 5319
 []


Underfull \vbox (badness 10000) detected at line 5319
 []

[100]
Underfull \vbox (badness 10000) detected at line 5319
 []


Underfull \vbox (badness 10000) detected at line 5319
 []

[101]
Underfull \vbox (badness 10000) detected at line 5319
 []


Underfull \vbox (badness 10000) detected at line 5319
 []

[102]
Underfull \vbox (badness 10000) detected at line 5319
 []


Underfull \vbox (badness 10000) detected at line 5319
 []

[103]
Underfull \vbox (badness 10000) detected at line 5319
 []


Underfull \vbox (badness 10000) detected at line 5319
 []

[104]
Underfull \vbox (badness 10000) detected at line 5319
 []


Underfull \vbox (badness 10000) detected at line 5319
 []

[105]
Underfull \vbox (badness 10000) detected at line 5319
 []


Underfull \vbox (badness 10000) detected at line 5319
 []

[106]
Underfull \vbox (badness 10000) detected at line 5319
 []


Underfull \vbox (badness 10000) detected at line 5319
 []

[107]
Underfull \vbox (badness 10000) detected at line 5319
 []


Underfull \vbox (badness 10000) detected at line 5319
 []

[108]
Underfull \vbox (badness 10000) detected at line 5319
 []


Underfull \vbox (badness 10000) detected at line 5319
 []

[109]
Underfull \vbox (badness 10000) detected at line 5319
 []


Underfull \vbox (badness 10000) detected at line 5319
 []

[110]
Underfull \vbox (badness 10000) detected at line 5319
 []


Underfull \vbox (badness 10000) detected at line 5319
 []

[111]
Underfull \vbox (badness 10000) detected at line 5319
 []


Underfull \vbox (badness 10000) detected at line 5319
 []

[112]
Underfull \vbox (badness 10000) detected at line 5319
 []


Underfull \vbox (badness 10000) detected at line 5319
 []

[113]
Underfull \vbox (badness 10000) detected at line 5319
 []


Underfull \vbox (badness 10000) detected at line 5319
 []

[114]
Underfull \vbox (badness 10000) detected at line 5319
 []


Underfull \vbox (badness 10000) detected at line 5319
 []

[115]
Underfull \vbox (badness 10000) detected at line 5319
 []


Underfull \vbox (badness 10000) detected at line 5319
 []

[116]
Underfull \vbox (badness 10000) detected at line 5319
 []


Underfull \vbox (badness 10000) detected at line 5319
 []

[117]
Underfull \vbox (badness 10000) detected at line 5319
 []


Underfull \vbox (badness 10000) detected at line 5319
 []

[118]
Underfull \vbox (badness 10000) detected at line 5319
 []


Underfull \vbox (badness 10000) detected at line 5319
 []

[119]
Underfull \vbox (badness 1831) detected at line 6311
 []

[120]
Underfull \vbox (badness 10000) detected at line 6311
 []


Underfull \vbox (badness 10000) detected at line 6311
 []

[121]
Underfull \vbox (badness 10000) detected at line 6311
 []


Underfull \vbox (badness 10000) detected at line 6311
 []

[122]
Underfull \vbox (badness 10000) detected at line 6311
 []


Underfull \vbox (badness 10000) detected at line 6311
 []

[123]
Underfull \vbox (badness 10000) detected at line 6311
 []


Underfull \vbox (badness 10000) detected at line 6311
 []

[124]
Underfull \vbox (badness 10000) detected at line 6311
 []


Underfull \vbox (badness 10000) detected at line 6311
 []

[125]
Underfull \vbox (badness 10000) detected at line 6311
 []


Underfull \vbox (badness 10000) detected at line 6311
 []

[126]
Underfull \vbox (badness 10000) detected at line 6311
 []


Underfull \vbox (badness 10000) detected at line 6311
 []

[127]
Underfull \vbox (badness 10000) detected at line 6311
 []


Underfull \vbox (badness 10000) detected at line 6311
 []

[128]
Underfull \vbox (badness 10000) detected at line 6311
 []


Underfull \vbox (badness 10000) detected at line 6311
 []

[129]
Underfull \vbox (badness 10000) detected at line 6311
 []


Underfull \vbox (badness 10000) detected at line 6311
 []

[130]
Underfull \vbox (badness 10000) detected at line 6311
 []


Underfull \vbox (badness 10000) detected at line 6311
 []

[131]
Underfull \vbox (badness 10000) detected at line 6311
 []


Underfull \vbox (badness 10000) detected at line 6311
 []

[132]
Underfull \vbox (badness 10000) detected at line 6311
 []


Underfull \vbox (badness 10000) detected at line 6311
 []

[133]
Underfull \vbox (badness 10000) detected at line 6311
 []


Underfull \vbox (badness 10000) detected at line 6311
 []

[134]
Underfull \vbox (badness 10000) detected at line 6311
 []


Underfull \vbox (badness 10000) detected at line 6311
 []

[135]
Underfull \vbox (badness 10000) detected at line 6311
 []


Underfull \vbox (badness 10000) detected at line 6311
 []

[136]
Underfull \vbox (badness 10000) detected at line 6311
 []


Underfull \vbox (badness 10000) detected at line 6311
 []

[137] [138]
<_main_files/figure-latex/seafood-landings-1.pdf, id=1440, 469.755pt x 505.89pt
>
File: _main_files/figure-latex/seafood-landings-1.pdf Graphic file (type pdf)
<use _main_files/figure-latex/seafood-landings-1.pdf>
Package pdftex.def Info: _main_files/figure-latex/seafood-landings-1.pdf  used 
on input line 6376.
(pdftex.def)             Requested size: 469.75386pt x 505.88875pt.
[139] [140 <./_main_files/figure-latex/seafood-landings-1.pdf>]
Chapter 15.
[141

] [142]
Underfull \vbox (badness 10000) detected at line 6667
 []


Underfull \vbox (badness 10000) detected at line 6667
 []

[143]
Underfull \vbox (badness 10000) detected at line 6667
 []


Underfull \vbox (badness 10000) detected at line 6667
 []

[144]
Underfull \vbox (badness 10000) detected at line 6667
 []


Underfull \vbox (badness 10000) detected at line 6667
 []

[145]
<_main_files/figure-latex/long-term-sst-1.pdf, id=1498, 578.16pt x 325.215pt>
File: _main_files/figure-latex/long-term-sst-1.pdf Graphic file (type pdf)
<use _main_files/figure-latex/long-term-sst-1.pdf>
Package pdftex.def Info: _main_files/figure-latex/long-term-sst-1.pdf  used on 
input line 6694.
(pdftex.def)             Requested size: 469.75385pt x 264.23653pt.
[146 <./_main_files/figure-latex/long-term-sst-1.pdf>]
Chapter 16.
[147

] [148]
Underfull \vbox (badness 10000) detected at line 6920
 []


Underfull \vbox (badness 10000) detected at line 6920
 []

[149]
<_main_files/figure-latex/r-extract-1.pdf, id=1538, 469.755pt x 325.215pt>
File: _main_files/figure-latex/r-extract-1.pdf Graphic file (type pdf)
<use _main_files/figure-latex/r-extract-1.pdf>
Package pdftex.def Info: _main_files/figure-latex/r-extract-1.pdf  used on inpu
t line 6924.
(pdftex.def)             Requested size: 469.75386pt x 325.2142pt.
[150] [151 <./_main_files/figure-latex/r-extract-1.pdf>] [152

]
Chapter 17.

LaTeX Warning: Reference `fig:NE-HAB-image' on page 153 undefined on input line
 6961.

[153]
<_main_files/figure-latex/NE-HAB-1.pdf, id=1576, 469.755pt x 515.9275pt>
File: _main_files/figure-latex/NE-HAB-1.pdf Graphic file (type pdf)
<use _main_files/figure-latex/NE-HAB-1.pdf>
Package pdftex.def Info: _main_files/figure-latex/NE-HAB-1.pdf  used on input l
ine 7055.
(pdftex.def)             Requested size: 469.75386pt x 515.92624pt.
[154] [155 <./_main_files/figure-latex/NE-HAB-1.pdf>] [156

]
Chapter 18.
[157]
Underfull \vbox (badness 10000) detected at line 7292
 []


Underfull \vbox (badness 10000) detected at line 7292
 []

[158]
Underfull \vbox (badness 10000) detected at line 7292
 []


Underfull \vbox (badness 10000) detected at line 7292
 []

[159]
Underfull \vbox (badness 10000) detected at line 7292
 []


Underfull \vbox (badness 10000) detected at line 7292
 []

[160] [161]
</Users/seanhardison/Documents/git/tech-doc/images/southern_kingfish.png, id=16
30, 681.14474pt x 574.5465pt>
File: /Users/seanhardison/Documents/git/tech-doc/images/southern_kingfish.png G
raphic file (type png)
<use /Users/seanhardison/Documents/git/tech-doc/images/southern_kingfish.png>
Package pdftex.def Info: /Users/seanhardison/Documents/git/tech-doc/images/sout
hern_kingfish.png  used on input line 7373.
(pdftex.def)             Requested size: 681.19504pt x 574.58891pt.

Overfull \hbox (211.44002pt too wide) in paragraph at lines 7373--7374
 [][] 
 []

[162] [163 </Users/seanhardison/Documents/git/tech-doc/images/southern_kingfish
.png>] [164

]
Chapter 19.
[165] [166] [167]
<_main_files/figure-latex/occupancy-MAB-1.pdf, id=1707, 469.755pt x 325.215pt>
File: _main_files/figure-latex/occupancy-MAB-1.pdf Graphic file (type pdf)
<use _main_files/figure-latex/occupancy-MAB-1.pdf>
Package pdftex.def Info: _main_files/figure-latex/occupancy-MAB-1.pdf  used on 
input line 7634.
(pdftex.def)             Requested size: 469.75386pt x 325.2142pt.
[168] [169 <./_main_files/figure-latex/occupancy-MAB-1.pdf>] [170

]
Chapter 20.
[171] [172]
Underfull \vbox (badness 10000) detected at line 7859
 []


Underfull \vbox (badness 10000) detected at line 7859
 []

[173]
Underfull \vbox (badness 10000) detected at line 7859
 []


Underfull \vbox (badness 10000) detected at line 7859
 []

[174]
<_main_files/figure-latex/unnamed-chunk-27-1.pdf, id=1764, 469.755pt x 325.215p
t>
File: _main_files/figure-latex/unnamed-chunk-27-1.pdf Graphic file (type pdf)
<use _main_files/figure-latex/unnamed-chunk-27-1.pdf>
Package pdftex.def Info: _main_files/figure-latex/unnamed-chunk-27-1.pdf  used 
on input line 7863.
(pdftex.def)             Requested size: 469.75386pt x 325.2142pt.
<_main_files/figure-latex/plot-all-1.pdf, id=1765, 469.755pt x 578.16pt>
File: _main_files/figure-latex/plot-all-1.pdf Graphic file (type pdf)
<use _main_files/figure-latex/plot-all-1.pdf>
Package pdftex.def Info: _main_files/figure-latex/plot-all-1.pdf  used on input
 line 7870.
(pdftex.def)             Requested size: 469.75386pt x 578.15858pt.
[175 <./_main_files/figure-latex/unnamed-chunk-27-1.pdf>] [176 <./_main_files/f
igure-latex/plot-all-1.pdf>]
Chapter 21.
[177

]
<_main_files/figure-latex/recreation-1.pdf, id=1797, 469.755pt x 325.215pt>
File: _main_files/figure-latex/recreation-1.pdf Graphic file (type pdf)
<use _main_files/figure-latex/recreation-1.pdf>
Package pdftex.def Info: _main_files/figure-latex/recreation-1.pdf  used on inp
ut line 7972.
(pdftex.def)             Requested size: 469.75386pt x 325.2142pt.
[178] [179 <./_main_files/figure-latex/recreation-1.pdf>] [180

]
Chapter 22.
[181]
<_main_files/figure-latex/rw-abundance-1.pdf, id=1837, 505.89pt x 325.215pt>
File: _main_files/figure-latex/rw-abundance-1.pdf Graphic file (type pdf)
<use _main_files/figure-latex/rw-abundance-1.pdf>
Package pdftex.def Info: _main_files/figure-latex/rw-abundance-1.pdf  used on i
nput line 8050.
(pdftex.def)             Requested size: 469.76265pt x 301.99028pt.
[182 <./_main_files/figure-latex/rw-abundance-1.pdf>]
Overfull \hbox (10.32391pt too wide) in paragraph at lines 8135--8139
[]\T1/lmr/m/n/10 (-20) https://hsrl.rutgers.edu/outreach/aquaculture/Aquacultur
eReports/NJAquaculture{\_}Survey{\_}Yr2015.pdf[]. 
 []

[183

] [184] [185] [186] [187]
Overfull \hbox (14.86247pt too wide) in paragraph at lines 8638--8642
\T1/lmr/m/n/10 (-20) Model (GSM) Data Ver-sion R2018.0.'' NASA Ocean Bi-ol-ogy 
DAAC. doi:[]10.5067/AQUA/MODIS/L3B/GSM/2018[]. 
 []

[188] [189] [190]
Package atveryend Info: Empty hook `BeforeClearDocument' on input line 8935.
[191]
Package atveryend Info: Empty hook `AfterLastShipout' on input line 8935.
(./_main.aux)
Package atveryend Info: Executing hook `AtVeryEndDocument' on input line 8935.
Package atveryend Info: Executing hook `AtEndAfterFileList' on input line 8935.

Package rerunfilecheck Info: File `_main.out' has not changed.
(rerunfilecheck)             Checksum: DBA8EB71260A0A76BF82AF1938D1A1FA;6121.

LaTeX Warning: There were undefined references.

Package atveryend Info: Empty hook `AtVeryVeryEnd' on input line 8935.
 ) 
Here is how much of TeX's memory you used:
 13531 strings out of 494553
 206791 string characters out of 6174237
 581313 words of memory out of 5000000
 16284 multiletter control sequences out of 15000+600000
 102225 words of font info for 157 fonts, out of 8000000 for 9000
 14 hyphenation exceptions out of 8191
 40i,8n,56p,1007b,565s stack positions out of 5000i,500n,10000p,200000b,80000s
pdfTeX warning (dest): name{survdat} has been referenced but does not exist, 
replaced by a fixed one

pdfTeX warning (dest): name{zooabund} has been referenced but does not exist, r
eplaced by a fixed one

pdfTeX warning (dest): name{stockstatus} has been referenced but does not exist
, replaced by a fixed one

{/Users/seanhardison/Library/TinyTeX/texmf-dist/fonts/enc/dvips/lm/lm-mathit.en
c}{/Users/seanhardison/Library/TinyTeX/texmf-dist/fonts/enc/dvips/lm/lm-ec.enc}
{/Users/seanhardison/Library/TinyTeX/texmf-dist/fonts/enc/dvips/lm/lm-rm.enc}{/
Users/seanhardison/Library/TinyTeX/texmf-dist/fonts/enc/dvips/lm/lm-mathex.enc}
{/Users/seanhardison/Library/TinyTeX/texmf-dist/fonts/enc/dvips/lm/lm-mathsy.en
c}{/Users/seanhardison/Library/TinyTeX/texmf-dist/fonts/enc/dvips/lm/lm-ts1.enc
}</Users/seanhardison/Library/TinyTeX/texmf-dist/fonts/type1/public/lm/lmbx10.p
fb></Users/seanhardison/Library/TinyTeX/texmf-dist/fonts/type1/public/lm/lmbx12
.pfb></Users/seanhardison/Library/TinyTeX/texmf-dist/fonts/type1/public/lm/lmbx
i10.pfb></Users/seanhardison/Library/TinyTeX/texmf-dist/fonts/type1/public/lm/l
mex10.pfb></Users/seanhardison/Library/TinyTeX/texmf-dist/fonts/type1/public/lm
/lmmi10.pfb></Users/seanhardison/Library/TinyTeX/texmf-dist/fonts/type1/public/
lm/lmmi5.pfb></Users/seanhardison/Library/TinyTeX/texmf-dist/fonts/type1/public
/lm/lmmi7.pfb></Users/seanhardison/Library/TinyTeX/texmf-dist/fonts/type1/publi
c/lm/lmr10.pfb></Users/seanhardison/Library/TinyTeX/texmf-dist/fonts/type1/publ
ic/lm/lmr17.pfb></Users/seanhardison/Library/TinyTeX/texmf-dist/fonts/type1/pub
lic/lm/lmr5.pfb></Users/seanhardison/Library/TinyTeX/texmf-dist/fonts/type1/pub
lic/lm/lmr6.pfb></Users/seanhardison/Library/TinyTeX/texmf-dist/fonts/type1/pub
lic/lm/lmr7.pfb></Users/seanhardison/Library/TinyTeX/texmf-dist/fonts/type1/pub
lic/lm/lmr8.pfb></Users/seanhardison/Library/TinyTeX/texmf-dist/fonts/type1/pub
lic/lm/lmri10.pfb></Users/seanhardison/Library/TinyTeX/texmf-dist/fonts/type1/p
ublic/lm/lmri12.pfb></Users/seanhardison/Library/TinyTeX/texmf-dist/fonts/type1
/public/lm/lmri7.pfb></Users/seanhardison/Library/TinyTeX/texmf-dist/fonts/type
1/public/lm/lmro10.pfb></Users/seanhardison/Library/TinyTeX/texmf-dist/fonts/ty
pe1/public/lm/lmsy10.pfb></Users/seanhardison/Library/TinyTeX/texmf-dist/fonts/
type1/public/lm/lmsy7.pfb></Users/seanhardison/Library/TinyTeX/texmf-dist/fonts
/type1/public/lm/lmtk10.pfb></Users/seanhardison/Library/TinyTeX/texmf-dist/fon
ts/type1/public/lm/lmtt10.pfb></Users/seanhardison/Library/TinyTeX/texmf-dist/f
onts/type1/public/lm/lmtt8.pfb></Users/seanhardison/Library/TinyTeX/texmf-dist/
fonts/type1/public/lm/lmtti10.pfb>
Output written on _main.pdf (191 pages, 5426504 bytes).
PDF statistics:
 2183 PDF objects out of 2487 (max. 8388607)
 1892 compressed objects within 19 object streams
 545 named destinations out of 1000 (max. 500000)
 16905 words of extra memory for PDF output out of 17280 (max. 10000000)

